<?xml version="1.0" encoding="UTF-8"?>
<!-- Generated by org.testng.reporters.JUnitReportReporter -->
<testsuite skipped="0" hostname="imacs-iMac.local" name="com.prestashop.tests.search.PopularItemTest" tests="2" failures="0" timestamp="05 Mar 2018 03:42:16 GMT" time="2.341" errors="0">
  <testcase name="popularItemTest" time="1.222" classname="com.prestashop.tests.search.PopularItemTest"/>
  <testcase name="popularItemTest" time="1.119" classname="com.prestashop.tests.search.PopularItemTest"/>
</testsuite> <!-- com.prestashop.tests.search.PopularItemTest -->
