<?xml version="1.0" encoding="UTF-8"?>
<!-- Generated by org.testng.reporters.JUnitReportReporter -->
<testsuite skipped="0" hostname="imacs-iMac.local" name="com.prestashop.tests.search.TestSummary" tests="2" failures="0" timestamp="06 Mar 2018 05:31:10 GMT" time="3.194" errors="0">
  <testcase name="profiles" time="3.190" classname="com.prestashop.tests.search.TestSummary"/>
  <testcase name="productListing" time="0.004" classname="com.prestashop.tests.search.TestSummary"/>
</testsuite> <!-- com.prestashop.tests.search.TestSummary -->
