<?xml version="1.0" encoding="UTF-8"?>
<!-- Generated by org.testng.reporters.JUnitReportReporter -->
<testsuite skipped="0" hostname="imacs-iMac.local" name="com.prestashop.tests.registration.LoginTests" tests="2" failures="0" timestamp="05 Mar 2018 03:42:16 GMT" time="4.351" errors="0">
  <testcase name="positiveLoginTest" time="2.139" classname="com.prestashop.tests.registration.LoginTests"/>
  <testcase name="positiveLoginTest" time="2.212" classname="com.prestashop.tests.registration.LoginTests"/>
</testsuite> <!-- com.prestashop.tests.registration.LoginTests -->
