<?xml version="1.0" encoding="UTF-8"?>
<!-- Generated by org.testng.reporters.JUnitReportReporter -->
<testsuite skipped="0" hostname="imacs-iMac.local" name="com.amazonaws.tests.AwsCalculatorTests" tests="2" failures="0" timestamp="07 Mar 2018 22:54:40 GMT" time="1.821" errors="0">
  <testcase name="defualtMonthlyBillTest" time="1.562" classname="com.amazonaws.tests.AwsCalculatorTests"/>
  <testcase name="addedEc2DefaultValuesTest" time="0.259" classname="com.amazonaws.tests.AwsCalculatorTests"/>
</testsuite> <!-- com.amazonaws.tests.AwsCalculatorTests -->
