<?xml version="1.0" encoding="UTF-8"?>
<!-- Generated by org.testng.reporters.JUnitReportReporter -->
<testsuite skipped="0" hostname="imacs-iMac.local" name="com.prestashop.tests.contactus.ContactUsTest" tests="2" failures="0" timestamp="05 Mar 2018 03:42:16 GMT" time="1.231" errors="0">
  <testcase name="contactUsTest" time="0.631" classname="com.prestashop.tests.contactus.ContactUsTest"/>
  <testcase name="contactUsTest" time="0.600" classname="com.prestashop.tests.contactus.ContactUsTest"/>
</testsuite> <!-- com.prestashop.tests.contactus.ContactUsTest -->
