<?xml version="1.0" encoding="UTF-8"?>
<!-- Generated by org.testng.reporters.JUnitReportReporter -->
<testsuite skipped="0" hostname="imacs-iMac.local" name="com.prestashop.tests.contactus.PhoneNumberTests" tests="2" failures="0" timestamp="05 Mar 2018 03:42:16 GMT" time="0.197" errors="0">
  <testcase name="callUsNowPhoneTest" time="0.071" classname="com.prestashop.tests.contactus.PhoneNumberTests"/>
  <testcase name="callUsNowPhoneTest" time="0.126" classname="com.prestashop.tests.contactus.PhoneNumberTests"/>
</testsuite> <!-- com.prestashop.tests.contactus.PhoneNumberTests -->
