<?xml version="1.0" encoding="UTF-8"?>
<!-- Generated by org.testng.reporters.JUnitReportReporter -->
<testsuite skipped="1" hostname="imacs-iMac.local" name="com.amazonaws.tests.AwsCalculatorTests" tests="2" failures="0" timestamp="07 Mar 2018 22:35:03 GMT" time="1.730" errors="0">
  <testcase name="addedEc2DefaultValuesTest" time="1.730" classname="com.amazonaws.tests.AwsCalculatorTests"/>
  <testcase name="defualtMonthlyBillTest" classname="com.amazonaws.tests.AwsCalculatorTests">
    <skipped/>
  </testcase> <!-- defualtMonthlyBillTest -->
</testsuite> <!-- com.amazonaws.tests.AwsCalculatorTests -->
